{"C:\\Users\\guilh\\Desktop\\ADS\\Teste e qualidade\\teste vite\\Teste\\src\\components\\Button.jsx": {"path":"C:\\Users\\guilh\\Desktop\\ADS\\Teste e qualidade\\teste vite\\Teste\\src\\components\\Button.jsx","statementMap":{"0":{"start":{"line":1,"column":22},"end":{"line":5,"column":null}},"1":{"start":{"line":2,"column":2},"end":{"line":3,"column":null}}},"fnMap":{"0":{"name":"(anonymous_0)","decl":{"start":{"line":1,"column":22},"end":{"line":1,"column":23}},"loc":{"start":{"line":1,"column":55},"end":{"line":5,"column":null}},"line":1}},"branchMap":{"0":{"loc":{"start":{"line":1,"column":35},"end":{"line":1,"column":49}},"type":"default-arg","locations":[{"start":{"line":1,"column":41},"end":{"line":1,"column":49}}],"line":1}},"s":{"0":1,"1":2},"f":{"0":2},"b":{"0":[2]},"meta":{"lastBranch":1,"lastFunction":1,"lastStatement":2,"seen":{"s:1:22:5:Infinity":0,"f:1:22:1:23":0,"b:1:41:1:49":0,"s:2:2:3:Infinity":1}}}
,"C:\\Users\\guilh\\Desktop\\ADS\\Teste e qualidade\\teste vite\\Teste\\src\\components\\Input.jsx": {"path":"C:\\Users\\guilh\\Desktop\\ADS\\Teste e qualidade\\teste vite\\Teste\\src\\components\\Input.jsx","statementMap":{"0":{"start":{"line":1,"column":21},"end":{"line":9,"column":null}},"1":{"start":{"line":2,"column":2},"end":{"line":7,"column":null}}},"fnMap":{"0":{"name":"(anonymous_0)","decl":{"start":{"line":1,"column":21},"end":{"line":1,"column":22}},"loc":{"start":{"line":1,"column":59},"end":{"line":9,"column":null}},"line":1}},"branchMap":{},"s":{"0":1,"1":2},"f":{"0":2},"b":{},"meta":{"lastBranch":0,"lastFunction":1,"lastStatement":2,"seen":{"s:1:21:9:Infinity":0,"f:1:21:1:22":0,"s:2:2:7:Infinity":1}}}
}
